<?xml version="1.0" encoding="UTF-8"?>
<testsuite xmlns:xsi="http://www.w3.org/2001/XMLSchema-instance" xsi:noNamespaceSchemaLocation="https://maven.apache.org/surefire/maven-surefire-plugin/xsd/surefire-test-report-3.0.xsd" version="3.0" name="com.example.llama.llamaapi2.LlamaApi2ApplicationTests" time="0.981" tests="1" errors="0" skipped="0" failures="0">
  <properties>
[...]
</properties>
  <testcase name="contextLoads" classname="com.example.llama.llamaapi2.LlamaApi2ApplicationTests" time="0.454">
    <system-out><![CDATA[01:56:24.468 [main] INFO org.springframework.test.context.support.AnnotationConfigContextLoaderUtils -- Could not detect default configuration classes for test class [com.example.llama.llamaapi2.LlamaApi2ApplicationTests]: LlamaApi2ApplicationTests does not declare any static, non-private, non-final, nested classes annotated with @Configuration.
01:56:24.510 [main] INFO org.springframework.boot.test.context.SpringBootTestContextBootstrapper -- Found @SpringBootConfiguration com.example.llama.llamaapi2.LlamaApi2Application for test class com.example.llama.llamaapi2.LlamaApi2ApplicationTests

  .   ____          _            __ _ _
 /\\ / ___'_ __ _ _(_)_ __  __ _ \ \ \ \
( ( )\___ | '_ | '_| | '_ \/ _` | \ \ \ \
 \\/  ___)| |_)| | | | | || (_| |  ) ) ) )
  '  |____| .__|_| |_|_| |_\__, | / / / /
 =========|_|==============|___/=/_/_/_/
 :: Spring Boot ::             (v3.2.0-M2)

2023-09-10T01:56:24.688+08:00  INFO 40743 --- [           main] c.e.l.l.LlamaApi2ApplicationTests        : Starting LlamaApi2ApplicationTests using Java 17.0.8.1 with PID 40743 (started by liruochen in /Users/liruochen/IdeaProjects/llamaapi)
2023-09-10T01:56:24.689+08:00  INFO 40743 --- [           main] c.e.l.l.LlamaApi2ApplicationTests        : No active profile set, falling back to 1 default profile: "default"
2023-09-10T01:56:24.909+08:00  INFO 40743 --- [           main] c.e.l.l.LlamaApi2ApplicationTests        : Started LlamaApi2ApplicationTests in 0.344 seconds (process running for 0.789)
]]></system-out>
  </testcase>
</testsuite>